<?xml version="1.0" encoding="UTF-8"?>
<coverage generated="1528350916">
  <project timestamp="1528350916">
    <file name="/www/kp/api-chatbot/application/controllers/Rest_server.php">
      <class name="Rest_server" namespace="global" fullPackage="Rest">
        <metrics complexity="1" methods="1" coveredmethods="0" conditionals="0" coveredconditionals="0" statements="4" coveredstatements="0" elements="5" coveredelements="0"/>
      </class>
      <line num="3" type="stmt" count="0"/>
      <line num="7" type="method" name="index" visibility="public" complexity="1" crap="2" count="0"/>
      <line num="8" type="stmt" count="0"/>
      <line num="9" type="stmt" count="0"/>
      <line num="11" type="stmt" count="0"/>
      <line num="12" type="stmt" count="0"/>
      <metrics loc="13" ncloc="13" classes="1" methods="1" coveredmethods="0" conditionals="0" coveredconditionals="0" statements="5" coveredstatements="0" elements="6" coveredelements="0"/>
    </file>
    <file name="/www/kp/api-chatbot/application/controllers/Welcome.php">
      <class name="Welcome" namespace="global">
        <metrics complexity="1" methods="1" coveredmethods="0" conditionals="0" coveredconditionals="0" statements="3" coveredstatements="0" elements="4" coveredelements="0"/>
      </class>
      <line num="2" type="stmt" count="0"/>
      <line num="21" type="method" name="index" visibility="public" complexity="1" crap="2" count="0"/>
      <line num="22" type="stmt" count="0"/>
      <line num="23" type="stmt" count="0"/>
      <line num="24" type="stmt" count="0"/>
      <metrics loc="25" ncloc="10" classes="1" methods="1" coveredmethods="0" conditionals="0" coveredconditionals="0" statements="4" coveredstatements="0" elements="5" coveredelements="0"/>
    </file>
    <file name="/www/kp/api-chatbot/application/controllers/api/Example.php">
      <class name="Example" namespace="global" fullPackage="CodeIgniter.Rest" category="Controller" package="CodeIgniter" subpackage="Rest">
        <metrics complexity="13" methods="4" coveredmethods="0" conditionals="0" coveredconditionals="0" statements="78" coveredstatements="0" elements="82" coveredelements="0"/>
      </class>
      <line num="3" type="stmt" count="0"/>
      <line num="7" type="stmt" count="0"/>
      <line num="22" type="method" name="__construct" complexity="1" crap="2" count="0"/>
      <line num="23" type="stmt" count="0"/>
      <line num="25" type="stmt" count="0"/>
      <line num="29" type="stmt" count="0"/>
      <line num="30" type="stmt" count="0"/>
      <line num="31" type="stmt" count="0"/>
      <line num="32" type="stmt" count="0"/>
      <line num="34" type="method" name="users_get" visibility="public" complexity="9" crap="90" count="0"/>
      <line num="35" type="stmt" count="0"/>
      <line num="37" type="stmt" count="0"/>
      <line num="38" type="stmt" count="0"/>
      <line num="39" type="stmt" count="0"/>
      <line num="40" type="stmt" count="0"/>
      <line num="41" type="stmt" count="0"/>
      <line num="43" type="stmt" count="0"/>
      <line num="47" type="stmt" count="0"/>
      <line num="48" type="stmt" count="0"/>
      <line num="50" type="stmt" count="0"/>
      <line num="51" type="stmt" count="0"/>
      <line num="53" type="stmt" count="0"/>
      <line num="54" type="stmt" count="0"/>
      <line num="55" type="stmt" count="0"/>
      <line num="56" type="stmt" count="0"/>
      <line num="58" type="stmt" count="0"/>
      <line num="59" type="stmt" count="0"/>
      <line num="60" type="stmt" count="0"/>
      <line num="61" type="stmt" count="0"/>
      <line num="62" type="stmt" count="0"/>
      <line num="63" type="stmt" count="0"/>
      <line num="66" type="stmt" count="0"/>
      <line num="67" type="stmt" count="0"/>
      <line num="70" type="stmt" count="0"/>
      <line num="71" type="stmt" count="0"/>
      <line num="73" type="stmt" count="0"/>
      <line num="74" type="stmt" count="0"/>
      <line num="79" type="stmt" count="0"/>
      <line num="81" type="stmt" count="0"/>
      <line num="82" type="stmt" count="0"/>
      <line num="83" type="stmt" count="0"/>
      <line num="84" type="stmt" count="0"/>
      <line num="85" type="stmt" count="0"/>
      <line num="86" type="stmt" count="0"/>
      <line num="87" type="stmt" count="0"/>
      <line num="88" type="stmt" count="0"/>
      <line num="89" type="stmt" count="0"/>
      <line num="90" type="stmt" count="0"/>
      <line num="92" type="stmt" count="0"/>
      <line num="93" type="stmt" count="0"/>
      <line num="94" type="stmt" count="0"/>
      <line num="95" type="stmt" count="0"/>
      <line num="96" type="stmt" count="0"/>
      <line num="97" type="stmt" count="0"/>
      <line num="98" type="stmt" count="0"/>
      <line num="99" type="stmt" count="0"/>
      <line num="100" type="stmt" count="0"/>
      <line num="101" type="stmt" count="0"/>
      <line num="102" type="stmt" count="0"/>
      <line num="103" type="stmt" count="0"/>
      <line num="104" type="stmt" count="0"/>
      <line num="106" type="method" name="users_post" visibility="public" complexity="1" crap="2" count="0"/>
      <line num="107" type="stmt" count="0"/>
      <line num="109" type="stmt" count="0"/>
      <line num="110" type="stmt" count="0"/>
      <line num="111" type="stmt" count="0"/>
      <line num="112" type="stmt" count="0"/>
      <line num="113" type="stmt" count="0"/>
      <line num="114" type="stmt" count="0"/>
      <line num="116" type="stmt" count="0"/>
      <line num="117" type="stmt" count="0"/>
      <line num="119" type="method" name="users_delete" visibility="public" complexity="2" crap="6" count="0"/>
      <line num="120" type="stmt" count="0"/>
      <line num="121" type="stmt" count="0"/>
      <line num="124" type="stmt" count="0"/>
      <line num="125" type="stmt" count="0"/>
      <line num="127" type="stmt" count="0"/>
      <line num="128" type="stmt" count="0"/>
      <line num="131" type="stmt" count="0"/>
      <line num="132" type="stmt" count="0"/>
      <line num="133" type="stmt" count="0"/>
      <line num="134" type="stmt" count="0"/>
      <line num="136" type="stmt" count="0"/>
      <line num="137" type="stmt" count="0"/>
      <metrics loc="139" ncloc="67" classes="1" methods="4" coveredmethods="0" conditionals="0" coveredconditionals="0" statements="80" coveredstatements="0" elements="84" coveredelements="0"/>
    </file>
    <file name="/www/kp/api-chatbot/application/controllers/api/Key.php">
      <class name="Key" namespace="global" fullPackage="CodeIgniter.Rest" category="Controller" package="CodeIgniter" subpackage="Rest">
        <metrics complexity="26" methods="12" coveredmethods="0" conditionals="0" coveredconditionals="0" statements="170" coveredstatements="0" elements="182" coveredelements="0"/>
      </class>
      <line num="3" type="stmt" count="0"/>
      <line num="7" type="stmt" count="0"/>
      <line num="36" type="method" name="generate_get" visibility="public" complexity="2" crap="6" count="0"/>
      <line num="37" type="stmt" count="0"/>
      <line num="39" type="stmt" count="0"/>
      <line num="42" type="stmt" count="0"/>
      <line num="43" type="stmt" count="0"/>
      <line num="46" type="stmt" count="0"/>
      <line num="47" type="stmt" count="0"/>
      <line num="48" type="stmt" count="0"/>
      <line num="49" type="stmt" count="0"/>
      <line num="50" type="stmt" count="0"/>
      <line num="51" type="stmt" count="0"/>
      <line num="52" type="stmt" count="0"/>
      <line num="53" type="stmt" count="0"/>
      <line num="54" type="stmt" count="0"/>
      <line num="55" type="stmt" count="0"/>
      <line num="56" type="stmt" count="0"/>
      <line num="57" type="stmt" count="0"/>
      <line num="58" type="stmt" count="0"/>
      <line num="59" type="stmt" count="0"/>
      <line num="60" type="stmt" count="0"/>
      <line num="69" type="method" name="index_put" visibility="public" complexity="4" crap="20" count="0"/>
      <line num="70" type="stmt" count="0"/>
      <line num="72" type="stmt" count="0"/>
      <line num="75" type="stmt" count="0"/>
      <line num="76" type="stmt" count="0"/>
      <line num="79" type="stmt" count="0"/>
      <line num="80" type="stmt" count="0"/>
      <line num="81" type="stmt" count="0"/>
      <line num="82" type="stmt" count="0"/>
      <line num="83" type="stmt" count="0"/>
      <line num="84" type="stmt" count="0"/>
      <line num="85" type="stmt" count="0"/>
      <line num="86" type="stmt" count="0"/>
      <line num="87" type="stmt" count="0"/>
      <line num="88" type="stmt" count="0"/>
      <line num="89" type="stmt" count="0"/>
      <line num="90" type="stmt" count="0"/>
      <line num="91" type="stmt" count="0"/>
      <line num="92" type="stmt" count="0"/>
      <line num="93" type="stmt" count="0"/>
      <line num="101" type="method" name="index_delete" visibility="public" complexity="2" crap="6" count="0"/>
      <line num="102" type="stmt" count="0"/>
      <line num="103" type="stmt" count="0"/>
      <line num="106" type="stmt" count="0"/>
      <line num="107" type="stmt" count="0"/>
      <line num="109" type="stmt" count="0"/>
      <line num="110" type="stmt" count="0"/>
      <line num="111" type="stmt" count="0"/>
      <line num="112" type="stmt" count="0"/>
      <line num="113" type="stmt" count="0"/>
      <line num="116" type="stmt" count="0"/>
      <line num="119" type="stmt" count="0"/>
      <line num="120" type="stmt" count="0"/>
      <line num="121" type="stmt" count="0"/>
      <line num="122" type="stmt" count="0"/>
      <line num="123" type="stmt" count="0"/>
      <line num="131" type="method" name="level_post" visibility="public" complexity="3" crap="12" count="0"/>
      <line num="132" type="stmt" count="0"/>
      <line num="133" type="stmt" count="0"/>
      <line num="134" type="stmt" count="0"/>
      <line num="137" type="stmt" count="0"/>
      <line num="138" type="stmt" count="0"/>
      <line num="140" type="stmt" count="0"/>
      <line num="141" type="stmt" count="0"/>
      <line num="142" type="stmt" count="0"/>
      <line num="143" type="stmt" count="0"/>
      <line num="144" type="stmt" count="0"/>
      <line num="147" type="stmt" count="0"/>
      <line num="148" type="stmt" count="0"/>
      <line num="149" type="stmt" count="0"/>
      <line num="150" type="stmt" count="0"/>
      <line num="151" type="stmt" count="0"/>
      <line num="152" type="stmt" count="0"/>
      <line num="153" type="stmt" count="0"/>
      <line num="154" type="stmt" count="0"/>
      <line num="155" type="stmt" count="0"/>
      <line num="156" type="stmt" count="0"/>
      <line num="157" type="stmt" count="0"/>
      <line num="158" type="stmt" count="0"/>
      <line num="159" type="stmt" count="0"/>
      <line num="160" type="stmt" count="0"/>
      <line num="161" type="stmt" count="0"/>
      <line num="169" type="method" name="suspend_post" visibility="public" complexity="3" crap="12" count="0"/>
      <line num="170" type="stmt" count="0"/>
      <line num="171" type="stmt" count="0"/>
      <line num="174" type="stmt" count="0"/>
      <line num="175" type="stmt" count="0"/>
      <line num="177" type="stmt" count="0"/>
      <line num="178" type="stmt" count="0"/>
      <line num="179" type="stmt" count="0"/>
      <line num="180" type="stmt" count="0"/>
      <line num="181" type="stmt" count="0"/>
      <line num="184" type="stmt" count="0"/>
      <line num="185" type="stmt" count="0"/>
      <line num="186" type="stmt" count="0"/>
      <line num="187" type="stmt" count="0"/>
      <line num="188" type="stmt" count="0"/>
      <line num="189" type="stmt" count="0"/>
      <line num="190" type="stmt" count="0"/>
      <line num="191" type="stmt" count="0"/>
      <line num="192" type="stmt" count="0"/>
      <line num="193" type="stmt" count="0"/>
      <line num="194" type="stmt" count="0"/>
      <line num="195" type="stmt" count="0"/>
      <line num="196" type="stmt" count="0"/>
      <line num="197" type="stmt" count="0"/>
      <line num="198" type="stmt" count="0"/>
      <line num="206" type="method" name="regenerate_post" visibility="public" complexity="3" crap="12" count="0"/>
      <line num="207" type="stmt" count="0"/>
      <line num="208" type="stmt" count="0"/>
      <line num="209" type="stmt" count="0"/>
      <line num="212" type="stmt" count="0"/>
      <line num="213" type="stmt" count="0"/>
      <line num="215" type="stmt" count="0"/>
      <line num="216" type="stmt" count="0"/>
      <line num="217" type="stmt" count="0"/>
      <line num="218" type="stmt" count="0"/>
      <line num="219" type="stmt" count="0"/>
      <line num="222" type="stmt" count="0"/>
      <line num="225" type="stmt" count="0"/>
      <line num="226" type="stmt" count="0"/>
      <line num="228" type="stmt" count="0"/>
      <line num="230" type="stmt" count="0"/>
      <line num="231" type="stmt" count="0"/>
      <line num="232" type="stmt" count="0"/>
      <line num="233" type="stmt" count="0"/>
      <line num="234" type="stmt" count="0"/>
      <line num="235" type="stmt" count="0"/>
      <line num="236" type="stmt" count="0"/>
      <line num="237" type="stmt" count="0"/>
      <line num="238" type="stmt" count="0"/>
      <line num="239" type="stmt" count="0"/>
      <line num="240" type="stmt" count="0"/>
      <line num="241" type="stmt" count="0"/>
      <line num="242" type="stmt" count="0"/>
      <line num="246" type="method" name="_generate_key" visibility="private" complexity="3" crap="12" count="0"/>
      <line num="247" type="stmt" count="0"/>
      <line num="248" type="stmt" count="0"/>
      <line num="249" type="stmt" count="0"/>
      <line num="251" type="stmt" count="0"/>
      <line num="254" type="stmt" count="0"/>
      <line num="255" type="stmt" count="0"/>
      <line num="256" type="stmt" count="0"/>
      <line num="257" type="stmt" count="0"/>
      <line num="259" type="stmt" count="0"/>
      <line num="260" type="stmt" count="0"/>
      <line num="261" type="stmt" count="0"/>
      <line num="263" type="stmt" count="0"/>
      <line num="264" type="stmt" count="0"/>
      <line num="268" type="method" name="_get_key" visibility="private" complexity="1" crap="2" count="0"/>
      <line num="269" type="stmt" count="0"/>
      <line num="270" type="stmt" count="0"/>
      <line num="271" type="stmt" count="0"/>
      <line num="272" type="stmt" count="0"/>
      <line num="273" type="stmt" count="0"/>
      <line num="274" type="stmt" count="0"/>
      <line num="276" type="method" name="_key_exists" visibility="private" complexity="1" crap="2" count="0"/>
      <line num="277" type="stmt" count="0"/>
      <line num="278" type="stmt" count="0"/>
      <line num="279" type="stmt" count="0"/>
      <line num="280" type="stmt" count="0"/>
      <line num="281" type="stmt" count="0"/>
      <line num="283" type="method" name="_insert_key" visibility="private" complexity="2" crap="6" count="0"/>
      <line num="284" type="stmt" count="0"/>
      <line num="285" type="stmt" count="0"/>
      <line num="286" type="stmt" count="0"/>
      <line num="288" type="stmt" count="0"/>
      <line num="289" type="stmt" count="0"/>
      <line num="290" type="stmt" count="0"/>
      <line num="291" type="stmt" count="0"/>
      <line num="293" type="method" name="_update_key" visibility="private" complexity="1" crap="2" count="0"/>
      <line num="294" type="stmt" count="0"/>
      <line num="295" type="stmt" count="0"/>
      <line num="296" type="stmt" count="0"/>
      <line num="297" type="stmt" count="0"/>
      <line num="298" type="stmt" count="0"/>
      <line num="300" type="method" name="_delete_key" visibility="private" complexity="1" crap="2" count="0"/>
      <line num="301" type="stmt" count="0"/>
      <line num="302" type="stmt" count="0"/>
      <line num="303" type="stmt" count="0"/>
      <line num="304" type="stmt" count="0"/>
      <line num="305" type="stmt" count="0"/>
      <metrics loc="307" ncloc="179" classes="1" methods="12" coveredmethods="0" conditionals="0" coveredconditionals="0" statements="172" coveredstatements="0" elements="184" coveredelements="0"/>
    </file>
    <file name="/www/kp/api-chatbot/application/controllers/product.php">
      <class name="Product" namespace="global" category="Product">
        <metrics complexity="13" methods="2" coveredmethods="0" conditionals="0" coveredconditionals="0" statements="63" coveredstatements="0" elements="65" coveredelements="0"/>
      </class>
      <line num="3" type="stmt" count="0"/>
      <line num="7" type="stmt" count="0"/>
      <line num="15" type="method" name="__construct" complexity="1" crap="2" count="0"/>
      <line num="16" type="stmt" count="0"/>
      <line num="18" type="stmt" count="0"/>
      <line num="19" type="stmt" count="0"/>
      <line num="21" type="method" name="rate_get" visibility="public" complexity="12" crap="156" count="0"/>
      <line num="22" type="stmt" count="0"/>
      <line num="24" type="stmt" count="0"/>
      <line num="25" type="stmt" count="0"/>
      <line num="26" type="stmt" count="0"/>
      <line num="27" type="stmt" count="0"/>
      <line num="28" type="stmt" count="0"/>
      <line num="29" type="stmt" count="0"/>
      <line num="30" type="stmt" count="0"/>
      <line num="31" type="stmt" count="0"/>
      <line num="32" type="stmt" count="0"/>
      <line num="34" type="stmt" count="0"/>
      <line num="35" type="stmt" count="0"/>
      <line num="38" type="stmt" count="0"/>
      <line num="39" type="stmt" count="0"/>
      <line num="41" type="stmt" count="0"/>
      <line num="42" type="stmt" count="0"/>
      <line num="44" type="stmt" count="0"/>
      <line num="45" type="stmt" count="0"/>
      <line num="46" type="stmt" count="0"/>
      <line num="47" type="stmt" count="0"/>
      <line num="49" type="stmt" count="0"/>
      <line num="50" type="stmt" count="0"/>
      <line num="51" type="stmt" count="0"/>
      <line num="52" type="stmt" count="0"/>
      <line num="53" type="stmt" count="0"/>
      <line num="54" type="stmt" count="0"/>
      <line num="57" type="stmt" count="0"/>
      <line num="58" type="stmt" count="0"/>
      <line num="61" type="stmt" count="0"/>
      <line num="62" type="stmt" count="0"/>
      <line num="64" type="stmt" count="0"/>
      <line num="65" type="stmt" count="0"/>
      <line num="70" type="stmt" count="0"/>
      <line num="71" type="stmt" count="0"/>
      <line num="72" type="stmt" count="0"/>
      <line num="73" type="stmt" count="0"/>
      <line num="74" type="stmt" count="0"/>
      <line num="75" type="stmt" count="0"/>
      <line num="76" type="stmt" count="0"/>
      <line num="77" type="stmt" count="0"/>
      <line num="78" type="stmt" count="0"/>
      <line num="79" type="stmt" count="0"/>
      <line num="80" type="stmt" count="0"/>
      <line num="81" type="stmt" count="0"/>
      <line num="82" type="stmt" count="0"/>
      <line num="83" type="stmt" count="0"/>
      <line num="84" type="stmt" count="0"/>
      <line num="86" type="stmt" count="0"/>
      <line num="87" type="stmt" count="0"/>
      <line num="88" type="stmt" count="0"/>
      <line num="89" type="stmt" count="0"/>
      <line num="90" type="stmt" count="0"/>
      <line num="91" type="stmt" count="0"/>
      <line num="92" type="stmt" count="0"/>
      <line num="93" type="stmt" count="0"/>
      <line num="94" type="stmt" count="0"/>
      <line num="95" type="stmt" count="0"/>
      <line num="96" type="stmt" count="0"/>
      <line num="97" type="stmt" count="0"/>
      <line num="98" type="stmt" count="0"/>
      <metrics loc="99" ncloc="60" classes="1" methods="2" coveredmethods="0" conditionals="0" coveredconditionals="0" statements="65" coveredstatements="0" elements="67" coveredelements="0"/>
    </file>
    <file name="/www/kp/api-chatbot/application/libraries/Format.php">
      <class name="Format" namespace="global">
        <metrics complexity="65" methods="14" coveredmethods="1" conditionals="0" coveredconditionals="0" statements="106" coveredstatements="11" elements="120" coveredelements="12"/>
      </class>
      <line num="85" type="method" name="__construct" visibility="public" complexity="3" crap="3.47" count="3"/>
      <line num="88" type="stmt" count="3"/>
      <line num="91" type="stmt" count="3"/>
      <line num="94" type="stmt" count="3"/>
      <line num="96" type="stmt" count="0"/>
      <line num="98" type="stmt" count="0"/>
      <line num="102" type="stmt" count="0"/>
      <line num="107" type="stmt" count="3"/>
      <line num="108" type="stmt" count="3"/>
      <line num="119" type="method" name="factory" visibility="public" complexity="1" crap="1" count="3"/>
      <line num="124" type="stmt" count="3"/>
      <line num="136" type="method" name="to_array" visibility="public" complexity="7" crap="56" count="0"/>
      <line num="140" type="stmt" count="0"/>
      <line num="142" type="stmt" count="0"/>
      <line num="146" type="stmt" count="0"/>
      <line num="148" type="stmt" count="0"/>
      <line num="151" type="stmt" count="0"/>
      <line num="152" type="stmt" count="0"/>
      <line num="154" type="stmt" count="0"/>
      <line num="156" type="stmt" count="0"/>
      <line num="160" type="stmt" count="0"/>
      <line num="164" type="stmt" count="0"/>
      <line num="176" type="method" name="to_xml" visibility="public" complexity="17" crap="306" count="0"/>
      <line num="178" type="stmt" count="0"/>
      <line num="180" type="stmt" count="0"/>
      <line num="183" type="stmt" count="0"/>
      <line num="185" type="stmt" count="0"/>
      <line num="189" type="stmt" count="0"/>
      <line num="191" type="stmt" count="0"/>
      <line num="194" type="stmt" count="0"/>
      <line num="198" type="stmt" count="0"/>
      <line num="200" type="stmt" count="0"/>
      <line num="204" type="stmt" count="0"/>
      <line num="207" type="stmt" count="0"/>
      <line num="211" type="stmt" count="0"/>
      <line num="213" type="stmt" count="0"/>
      <line num="215" type="stmt" count="0"/>
      <line num="216" type="stmt" count="0"/>
      <line num="218" type="stmt" count="0"/>
      <line num="221" type="stmt" count="0"/>
      <line num="223" type="stmt" count="0"/>
      <line num="227" type="stmt" count="0"/>
      <line num="229" type="stmt" count="0"/>
      <line num="232" type="stmt" count="0"/>
      <line num="237" type="stmt" count="0"/>
      <line num="239" type="stmt" count="0"/>
      <line num="243" type="stmt" count="0"/>
      <line num="253" type="method" name="to_html" visibility="public" complexity="7" crap="56" count="0"/>
      <line num="257" type="stmt" count="0"/>
      <line num="259" type="stmt" count="0"/>
      <line num="263" type="stmt" count="0"/>
      <line num="265" type="stmt" count="0"/>
      <line num="269" type="stmt" count="0"/>
      <line num="272" type="stmt" count="0"/>
      <line num="277" type="stmt" count="0"/>
      <line num="278" type="stmt" count="0"/>
      <line num="282" type="stmt" count="0"/>
      <line num="284" type="stmt" count="0"/>
      <line num="286" type="stmt" count="0"/>
      <line num="290" type="stmt" count="0"/>
      <line num="292" type="stmt" count="0"/>
      <line num="295" type="stmt" count="0"/>
      <line num="308" type="method" name="to_csv" visibility="public" complexity="11" crap="132" count="0"/>
      <line num="311" type="stmt" count="0"/>
      <line num="312" type="stmt" count="0"/>
      <line num="314" type="stmt" count="0"/>
      <line num="319" type="stmt" count="0"/>
      <line num="321" type="stmt" count="0"/>
      <line num="325" type="stmt" count="0"/>
      <line num="327" type="stmt" count="0"/>
      <line num="331" type="stmt" count="0"/>
      <line num="333" type="stmt" count="0"/>
      <line num="337" type="stmt" count="0"/>
      <line num="339" type="stmt" count="0"/>
      <line num="343" type="stmt" count="0"/>
      <line num="346" type="stmt" count="0"/>
      <line num="351" type="stmt" count="0"/>
      <line num="352" type="stmt" count="0"/>
      <line num="356" type="stmt" count="0"/>
      <line num="358" type="stmt" count="0"/>
      <line num="362" type="stmt" count="0"/>
      <line num="364" type="stmt" count="0"/>
      <line num="369" type="stmt" count="0"/>
      <line num="372" type="stmt" count="0"/>
      <line num="376" type="stmt" count="0"/>
      <line num="379" type="stmt" count="0"/>
      <line num="382" type="stmt" count="0"/>
      <line num="384" type="stmt" count="0"/>
      <line num="394" type="method" name="to_json" visibility="public" complexity="5" crap="7.19" count="3"/>
      <line num="398" type="stmt" count="3"/>
      <line num="400" type="stmt" count="3"/>
      <line num="404" type="stmt" count="3"/>
      <line num="406" type="stmt" count="3"/>
      <line num="408" type="stmt" count="3"/>
      <line num="412" type="stmt" count="0"/>
      <line num="415" type="stmt" count="0"/>
      <line num="420" type="stmt" count="0"/>
      <line num="422" type="stmt" count="0"/>
      <line num="432" type="method" name="to_serialized" visibility="public" complexity="3" crap="12" count="0"/>
      <line num="436" type="stmt" count="0"/>
      <line num="438" type="stmt" count="0"/>
      <line num="441" type="stmt" count="0"/>
      <line num="451" type="method" name="to_php" visibility="public" complexity="3" crap="12" count="0"/>
      <line num="455" type="stmt" count="0"/>
      <line num="457" type="stmt" count="0"/>
      <line num="460" type="stmt" count="0"/>
      <line num="469" type="method" name="_from_xml" visibility="protected" complexity="2" crap="6" count="0"/>
      <line num="471" type="stmt" count="0"/>
      <line num="483" type="method" name="_from_csv" visibility="protected" complexity="3" crap="12" count="0"/>
      <line num="486" type="stmt" count="0"/>
      <line num="488" type="stmt" count="0"/>
      <line num="492" type="stmt" count="0"/>
      <line num="494" type="stmt" count="0"/>
      <line num="497" type="stmt" count="0"/>
      <line num="504" type="method" name="_from_json" visibility="protected" complexity="1" crap="2" count="0"/>
      <line num="506" type="stmt" count="0"/>
      <line num="513" type="method" name="_from_serialize" visibility="protected" complexity="1" crap="2" count="0"/>
      <line num="515" type="stmt" count="0"/>
      <line num="522" type="method" name="_from_php" visibility="protected" complexity="1" crap="2" count="0"/>
      <line num="524" type="stmt" count="0"/>
      <metrics loc="526" ncloc="261" classes="1" methods="14" coveredmethods="1" conditionals="0" coveredconditionals="0" statements="106" coveredstatements="11" elements="120" coveredelements="12"/>
    </file>
    <package name="Restserver\Libraries">
      <file name="/www/kp/api-chatbot/application/libraries/REST_Controller.php">
        <class name="Restserver\Libraries\REST_Controller" namespace="Restserver\Libraries" fullPackage="CodeIgniter.Libraries" category="Libraries" package="CodeIgniter" subpackage="Libraries">
          <metrics complexity="271" methods="47" coveredmethods="7" conditionals="0" coveredconditionals="0" statements="622" coveredstatements="134" elements="669" coveredelements="141"/>
        </class>
        <line num="8" type="stmt" count="1"/>
        <line num="373" type="method" name="early_checks" visibility="protected" complexity="1" crap="1" count="3"/>
        <line num="375" type="stmt" count="3"/>
        <line num="384" type="method" name="__construct" visibility="public" complexity="28" crap="46.95" count="3"/>
        <line num="386" type="stmt" count="3"/>
        <line num="388" type="stmt" count="3"/>
        <line num="391" type="stmt" count="3"/>
        <line num="395" type="stmt" count="3"/>
        <line num="398" type="stmt" count="3"/>
        <line num="401" type="stmt" count="3"/>
        <line num="404" type="stmt" count="3"/>
        <line num="407" type="stmt" count="3"/>
        <line num="410" type="stmt" count="3"/>
        <line num="412" type="stmt" count="0"/>
        <line num="415" type="stmt" count="3"/>
        <line num="417" type="stmt" count="0"/>
        <line num="421" type="stmt" count="3"/>
        <line num="422" type="stmt" count="3"/>
        <line num="424" type="stmt" count="0"/>
        <line num="428" type="stmt" count="3"/>
        <line num="431" type="stmt" count="3"/>
        <line num="432" type="stmt" count="3"/>
        <line num="434" type="stmt" count="0"/>
        <line num="438" type="stmt" count="3"/>
        <line num="441" type="stmt" count="3"/>
        <line num="442" type="stmt" count="3"/>
        <line num="443" type="stmt" count="3"/>
        <line num="446" type="stmt" count="3"/>
        <line num="448" type="stmt" count="0"/>
        <line num="452" type="stmt" count="3"/>
        <line num="455" type="stmt" count="3"/>
        <line num="458" type="stmt" count="3"/>
        <line num="459" type="stmt" count="3"/>
        <line num="461" type="stmt" count="0"/>
        <line num="465" type="stmt" count="3"/>
        <line num="467" type="stmt" count="0"/>
        <line num="471" type="stmt" count="3"/>
        <line num="474" type="stmt" count="3"/>
        <line num="477" type="stmt" count="3"/>
        <line num="480" type="stmt" count="3"/>
        <line num="482" type="stmt" count="3"/>
        <line num="485" type="stmt" count="3"/>
        <line num="487" type="stmt" count="0"/>
        <line num="491" type="stmt" count="3"/>
        <line num="493" type="stmt" count="0"/>
        <line num="495" type="stmt" count="0"/>
        <line num="499" type="stmt" count="3"/>
        <line num="502" type="stmt" count="3"/>
        <line num="503" type="stmt" count="3"/>
        <line num="504" type="stmt" count="3"/>
        <line num="505" type="stmt" count="3"/>
        <line num="506" type="stmt" count="3"/>
        <line num="507" type="stmt" count="3"/>
        <line num="508" type="stmt" count="3"/>
        <line num="509" type="stmt" count="3"/>
        <line num="510" type="stmt" count="3"/>
        <line num="514" type="stmt" count="3"/>
        <line num="517" type="stmt" count="3"/>
        <line num="520" type="stmt" count="3"/>
        <line num="523" type="stmt" count="3"/>
        <line num="525" type="stmt" count="0"/>
        <line num="529" type="stmt" count="3"/>
        <line num="531" type="stmt" count="0"/>
        <line num="536" type="stmt" count="3"/>
        <line num="540" type="stmt" count="3"/>
        <line num="542" type="stmt" count="0"/>
        <line num="546" type="stmt" count="3"/>
        <line num="549" type="stmt" count="0"/>
        <line num="550" type="stmt" count="0"/>
        <line num="551" type="stmt" count="0"/>
        <line num="552" type="stmt" count="0"/>
        <line num="556" type="stmt" count="3"/>
        <line num="557" type="stmt" count="3"/>
        <line num="558" type="stmt" count="3"/>
        <line num="560" type="stmt" count="3"/>
        <line num="563" type="stmt" count="3"/>
        <line num="564" type="stmt" count="0"/>
        <line num="565" type="stmt" count="0"/>
        <line num="566" type="stmt" count="3"/>
        <line num="567" type="stmt" count="0"/>
        <line num="568" type="stmt" count="0"/>
        <line num="569" type="stmt" count="3"/>
        <line num="570" type="stmt" count="0"/>
        <line num="571" type="stmt" count="0"/>
        <line num="573" type="stmt" count="3"/>
        <line num="575" type="stmt" count="0"/>
        <line num="578" type="stmt" count="3"/>
        <line num="587" type="method" name="__destruct" visibility="public" complexity="2" crap="6" count="0"/>
        <line num="590" type="stmt" count="0"/>
        <line num="593" type="stmt" count="0"/>
        <line num="595" type="stmt" count="0"/>
        <line num="597" type="stmt" count="0"/>
        <line num="605" type="method" name="preflight_checks" visibility="protected" complexity="3" crap="3.58" count="3"/>
        <line num="608" type="stmt" count="3"/>
        <line num="611" type="stmt" count="0"/>
        <line num="615" type="stmt" count="3"/>
        <line num="617" type="stmt" count="0"/>
        <line num="619" type="stmt" count="3"/>
        <line num="630" type="method" name="_remap" visibility="public" complexity="34" crap="521.69" count="3"/>
        <line num="633" type="stmt" count="3"/>
        <line num="635" type="stmt" count="0"/>
        <line num="636" type="stmt" count="0"/>
        <line num="637" type="stmt" count="0"/>
        <line num="638" type="stmt" count="0"/>
        <line num="642" type="stmt" count="3"/>
        <line num="644" type="stmt" count="3"/>
        <line num="646" type="stmt" count="3"/>
        <line num="647" type="stmt" count="0"/>
        <line num="648" type="stmt" count="0"/>
        <line num="652" type="stmt" count="3"/>
        <line num="655" type="stmt" count="3"/>
        <line num="658" type="stmt" count="3"/>
        <line num="660" type="stmt" count="0"/>
        <line num="662" type="stmt" count="0"/>
        <line num="666" type="stmt" count="0"/>
        <line num="667" type="stmt" count="0"/>
        <line num="670" type="stmt" count="0"/>
        <line num="671" type="stmt" count="0"/>
        <line num="672" type="stmt" count="0"/>
        <line num="673" type="stmt" count="0"/>
        <line num="677" type="stmt" count="3"/>
        <line num="679" type="stmt" count="0"/>
        <line num="681" type="stmt" count="0"/>
        <line num="684" type="stmt" count="0"/>
        <line num="685" type="stmt" count="0"/>
        <line num="686" type="stmt" count="0"/>
        <line num="687" type="stmt" count="0"/>
        <line num="691" type="stmt" count="3"/>
        <line num="693" type="stmt" count="0"/>
        <line num="694" type="stmt" count="0"/>
        <line num="695" type="stmt" count="0"/>
        <line num="696" type="stmt" count="0"/>
        <line num="700" type="stmt" count="3"/>
        <line num="703" type="stmt" count="0"/>
        <line num="705" type="stmt" count="0"/>
        <line num="706" type="stmt" count="0"/>
        <line num="710" type="stmt" count="0"/>
        <line num="713" type="stmt" count="0"/>
        <line num="715" type="stmt" count="0"/>
        <line num="717" type="stmt" count="0"/>
        <line num="719" type="stmt" count="0"/>
        <line num="722" type="stmt" count="0"/>
        <line num="723" type="stmt" count="0"/>
        <line num="728" type="stmt" count="3"/>
        <line num="730" type="stmt" count="0"/>
        <line num="731" type="stmt" count="0"/>
        <line num="735" type="stmt" count="3"/>
        <line num="737" type="stmt" count="0"/>
        <line num="743" type="stmt" count="3"/>
        <line num="745" type="stmt" count="0"/>
        <line num="747" type="stmt" count="0"/>
        <line num="748" type="stmt" count="0"/>
        <line num="752" type="stmt" count="0"/>
        <line num="753" type="stmt" count="0"/>
        <line num="755" type="stmt" count="3"/>
        <line num="765" type="method" name="response" visibility="public" complexity="11" crap="12.42" count="3"/>
        <line num="767" type="stmt" count="3"/>
        <line num="769" type="stmt" count="3"/>
        <line num="772" type="stmt" count="3"/>
        <line num="776" type="stmt" count="3"/>
        <line num="779" type="stmt" count="3"/>
        <line num="781" type="stmt" count="0"/>
        <line num="785" type="stmt" count="3"/>
        <line num="788" type="stmt" count="3"/>
        <line num="791" type="stmt" count="3"/>
        <line num="792" type="stmt" count="3"/>
        <line num="796" type="stmt" count="3"/>
        <line num="798" type="stmt" count="3"/>
        <line num="804" type="stmt" count="0"/>
        <line num="806" type="stmt" count="0"/>
        <line num="810" type="stmt" count="0"/>
        <line num="817" type="stmt" count="3"/>
        <line num="819" type="stmt" count="3"/>
        <line num="822" type="stmt" count="3"/>
        <line num="824" type="stmt" count="0"/>
        <line num="828" type="stmt" count="3"/>
        <line num="830" type="stmt" count="3"/>
        <line num="833" type="stmt" count="3"/>
        <line num="845" type="method" name="set_response" visibility="public" complexity="1" crap="1" count="2"/>
        <line num="847" type="stmt" count="2"/>
        <line num="848" type="stmt" count="2"/>
        <line num="856" type="method" name="_detect_input_format" visibility="protected" complexity="5" crap="9.66" count="3"/>
        <line num="859" type="stmt" count="3"/>
        <line num="861" type="stmt" count="3"/>
        <line num="865" type="stmt" count="0"/>
        <line num="868" type="stmt" count="0"/>
        <line num="874" type="stmt" count="0"/>
        <line num="876" type="stmt" count="0"/>
        <line num="881" type="stmt" count="3"/>
        <line num="892" type="method" name="_get_default_output_format" visibility="protected" complexity="2" crap="2" count="3"/>
        <line num="894" type="stmt" count="3"/>
        <line num="895" type="stmt" count="3"/>
        <line num="904" type="method" name="_detect_output_format" visibility="protected" complexity="15" crap="68.38" count="3"/>
        <line num="907" type="stmt" count="3"/>
        <line num="908" type="stmt" count="3"/>
        <line num="911" type="stmt" count="3"/>
        <line num="913" type="stmt" count="0"/>
        <line num="917" type="stmt" count="3"/>
        <line num="919" type="stmt" count="0"/>
        <line num="921" type="stmt" count="0"/>
        <line num="923" type="stmt" count="0"/>
        <line num="928" type="stmt" count="3"/>
        <line num="931" type="stmt" count="3"/>
        <line num="934" type="stmt" count="0"/>
        <line num="937" type="stmt" count="0"/>
        <line num="939" type="stmt" count="0"/>
        <line num="942" type="stmt" count="0"/>
        <line num="944" type="stmt" count="0"/>
        <line num="948" type="stmt" count="0"/>
        <line num="950" type="stmt" count="0"/>
        <line num="953" type="stmt" count="0"/>
        <line num="960" type="stmt" count="3"/>
        <line num="962" type="stmt" count="0"/>
        <line num="966" type="stmt" count="3"/>
        <line num="975" type="method" name="_detect_method" visibility="protected" complexity="6" crap="6" count="3"/>
        <line num="978" type="stmt" count="3"/>
        <line num="981" type="stmt" count="3"/>
        <line num="983" type="stmt" count="3"/>
        <line num="984" type="stmt" count="3"/>
        <line num="986" type="stmt" count="3"/>
        <line num="989" type="stmt" count="3"/>
        <line num="992" type="stmt" count="3"/>
        <line num="995" type="stmt" count="3"/>
        <line num="998" type="stmt" count="3"/>
        <line num="1007" type="method" name="_detect_api_key" visibility="protected" complexity="11" crap="132" count="0"/>
        <line num="1010" type="stmt" count="0"/>
        <line num="1013" type="stmt" count="0"/>
        <line num="1015" type="stmt" count="0"/>
        <line num="1016" type="stmt" count="0"/>
        <line num="1017" type="stmt" count="0"/>
        <line num="1018" type="stmt" count="0"/>
        <line num="1021" type="stmt" count="0"/>
        <line num="1023" type="stmt" count="0"/>
        <line num="1025" type="stmt" count="0"/>
        <line num="1028" type="stmt" count="0"/>
        <line num="1030" type="stmt" count="0"/>
        <line num="1031" type="stmt" count="0"/>
        <line num="1032" type="stmt" count="0"/>
        <line num="1034" type="stmt" count="0"/>
        <line num="1040" type="stmt" count="0"/>
        <line num="1043" type="stmt" count="0"/>
        <line num="1046" type="stmt" count="0"/>
        <line num="1047" type="stmt" count="0"/>
        <line num="1049" type="stmt" count="0"/>
        <line num="1051" type="stmt" count="0"/>
        <line num="1054" type="stmt" count="0"/>
        <line num="1055" type="stmt" count="0"/>
        <line num="1059" type="stmt" count="0"/>
        <line num="1064" type="stmt" count="0"/>
        <line num="1068" type="stmt" count="0"/>
        <line num="1072" type="stmt" count="0"/>
        <line num="1081" type="method" name="_detect_lang" visibility="protected" complexity="4" crap="10.15" count="3"/>
        <line num="1083" type="stmt" count="3"/>
        <line num="1084" type="stmt" count="3"/>
        <line num="1086" type="stmt" count="3"/>
        <line num="1090" type="stmt" count="0"/>
        <line num="1092" type="stmt" count="0"/>
        <line num="1094" type="stmt" count="0"/>
        <line num="1095" type="stmt" count="0"/>
        <line num="1098" type="stmt" count="0"/>
        <line num="1099" type="stmt" count="0"/>
        <line num="1102" type="stmt" count="0"/>
        <line num="1106" type="stmt" count="0"/>
        <line num="1116" type="method" name="_log_request" visibility="protected" complexity="4" crap="20" count="0"/>
        <line num="1119" type="stmt" count="0"/>
        <line num="1120" type="stmt" count="0"/>
        <line num="1121" type="stmt" count="0"/>
        <line num="1122" type="stmt" count="0"/>
        <line num="1123" type="stmt" count="0"/>
        <line num="1124" type="stmt" count="0"/>
        <line num="1125" type="stmt" count="0"/>
        <line num="1126" type="stmt" count="0"/>
        <line num="1127" type="stmt" count="0"/>
        <line num="1128" type="stmt" count="0"/>
        <line num="1132" type="stmt" count="0"/>
        <line num="1134" type="stmt" count="0"/>
        <line num="1144" type="method" name="_check_limit" visibility="protected" complexity="13" crap="182" count="0"/>
        <line num="1147" type="stmt" count="0"/>
        <line num="1150" type="stmt" count="0"/>
        <line num="1153" type="stmt" count="0"/>
        <line num="1155" type="stmt" count="0"/>
        <line num="1157" type="stmt" count="0"/>
        <line num="1158" type="stmt" count="0"/>
        <line num="1159" type="stmt" count="0"/>
        <line num="1160" type="stmt" count="0"/>
        <line num="1162" type="stmt" count="0"/>
        <line num="1163" type="stmt" count="0"/>
        <line num="1164" type="stmt" count="0"/>
        <line num="1166" type="stmt" count="0"/>
        <line num="1167" type="stmt" count="0"/>
        <line num="1168" type="stmt" count="0"/>
        <line num="1170" type="stmt" count="0"/>
        <line num="1172" type="stmt" count="0"/>
        <line num="1173" type="stmt" count="0"/>
        <line num="1175" type="stmt" count="0"/>
        <line num="1177" type="stmt" count="0"/>
        <line num="1178" type="stmt" count="0"/>
        <line num="1181" type="stmt" count="0"/>
        <line num="1184" type="stmt" count="0"/>
        <line num="1188" type="stmt" count="0"/>
        <line num="1190" type="stmt" count="0"/>
        <line num="1193" type="stmt" count="0"/>
        <line num="1194" type="stmt" count="0"/>
        <line num="1195" type="stmt" count="0"/>
        <line num="1196" type="stmt" count="0"/>
        <line num="1197" type="stmt" count="0"/>
        <line num="1200" type="stmt" count="0"/>
        <line num="1203" type="stmt" count="0"/>
        <line num="1204" type="stmt" count="0"/>
        <line num="1205" type="stmt" count="0"/>
        <line num="1206" type="stmt" count="0"/>
        <line num="1207" type="stmt" count="0"/>
        <line num="1212" type="stmt" count="0"/>
        <line num="1215" type="stmt" count="0"/>
        <line num="1216" type="stmt" count="0"/>
        <line num="1217" type="stmt" count="0"/>
        <line num="1218" type="stmt" count="0"/>
        <line num="1219" type="stmt" count="0"/>
        <line num="1220" type="stmt" count="0"/>
        <line num="1227" type="stmt" count="0"/>
        <line num="1229" type="stmt" count="0"/>
        <line num="1233" type="stmt" count="0"/>
        <line num="1234" type="stmt" count="0"/>
        <line num="1235" type="stmt" count="0"/>
        <line num="1236" type="stmt" count="0"/>
        <line num="1237" type="stmt" count="0"/>
        <line num="1240" type="stmt" count="0"/>
        <line num="1249" type="method" name="_auth_override_check" visibility="protected" complexity="27" crap="600.38" count="3"/>
        <line num="1252" type="stmt" count="3"/>
        <line num="1255" type="stmt" count="3"/>
        <line num="1258" type="stmt" count="0"/>
        <line num="1261" type="stmt" count="0"/>
        <line num="1263" type="stmt" count="0"/>
        <line num="1267" type="stmt" count="0"/>
        <line num="1269" type="stmt" count="0"/>
        <line num="1271" type="stmt" count="0"/>
        <line num="1275" type="stmt" count="0"/>
        <line num="1277" type="stmt" count="0"/>
        <line num="1279" type="stmt" count="0"/>
        <line num="1283" type="stmt" count="0"/>
        <line num="1285" type="stmt" count="0"/>
        <line num="1287" type="stmt" count="0"/>
        <line num="1291" type="stmt" count="0"/>
        <line num="1293" type="stmt" count="0"/>
        <line num="1295" type="stmt" count="0"/>
        <line num="1300" type="stmt" count="0"/>
        <line num="1303" type="stmt" count="0"/>
        <line num="1305" type="stmt" count="0"/>
        <line num="1309" type="stmt" count="0"/>
        <line num="1311" type="stmt" count="0"/>
        <line num="1313" type="stmt" count="0"/>
        <line num="1317" type="stmt" count="0"/>
        <line num="1319" type="stmt" count="0"/>
        <line num="1321" type="stmt" count="0"/>
        <line num="1325" type="stmt" count="0"/>
        <line num="1327" type="stmt" count="0"/>
        <line num="1329" type="stmt" count="0"/>
        <line num="1333" type="stmt" count="0"/>
        <line num="1335" type="stmt" count="0"/>
        <line num="1337" type="stmt" count="0"/>
        <line num="1343" type="stmt" count="3"/>
        <line num="1346" type="stmt" count="3"/>
        <line num="1349" type="stmt" count="0"/>
        <line num="1352" type="stmt" count="0"/>
        <line num="1354" type="stmt" count="0"/>
        <line num="1358" type="stmt" count="0"/>
        <line num="1360" type="stmt" count="0"/>
        <line num="1362" type="stmt" count="0"/>
        <line num="1366" type="stmt" count="0"/>
        <line num="1368" type="stmt" count="0"/>
        <line num="1370" type="stmt" count="0"/>
        <line num="1374" type="stmt" count="0"/>
        <line num="1376" type="stmt" count="0"/>
        <line num="1378" type="stmt" count="0"/>
        <line num="1382" type="stmt" count="0"/>
        <line num="1384" type="stmt" count="0"/>
        <line num="1386" type="stmt" count="0"/>
        <line num="1391" type="stmt" count="0"/>
        <line num="1394" type="stmt" count="0"/>
        <line num="1396" type="stmt" count="0"/>
        <line num="1400" type="stmt" count="0"/>
        <line num="1402" type="stmt" count="0"/>
        <line num="1404" type="stmt" count="0"/>
        <line num="1408" type="stmt" count="0"/>
        <line num="1410" type="stmt" count="0"/>
        <line num="1412" type="stmt" count="0"/>
        <line num="1416" type="stmt" count="0"/>
        <line num="1418" type="stmt" count="0"/>
        <line num="1420" type="stmt" count="0"/>
        <line num="1424" type="stmt" count="0"/>
        <line num="1426" type="stmt" count="0"/>
        <line num="1428" type="stmt" count="0"/>
        <line num="1432" type="stmt" count="3"/>
        <line num="1441" type="method" name="_parse_get" visibility="protected" complexity="1" crap="1" count="3"/>
        <line num="1444" type="stmt" count="3"/>
        <line num="1445" type="stmt" count="3"/>
        <line num="1453" type="method" name="_parse_post" visibility="protected" complexity="2" crap="6" count="0"/>
        <line num="1455" type="stmt" count="0"/>
        <line num="1457" type="stmt" count="0"/>
        <line num="1459" type="stmt" count="0"/>
        <line num="1461" type="stmt" count="0"/>
        <line num="1469" type="method" name="_parse_put" visibility="protected" complexity="4" crap="20" count="0"/>
        <line num="1471" type="stmt" count="0"/>
        <line num="1473" type="stmt" count="0"/>
        <line num="1474" type="stmt" count="0"/>
        <line num="1476" type="stmt" count="0"/>
        <line num="1479" type="stmt" count="0"/>
        <line num="1482" type="stmt" count="0"/>
        <line num="1484" type="stmt" count="0"/>
        <line num="1492" type="method" name="_parse_head" visibility="protected" complexity="1" crap="2" count="0"/>
        <line num="1495" type="stmt" count="0"/>
        <line num="1498" type="stmt" count="0"/>
        <line num="1499" type="stmt" count="0"/>
        <line num="1507" type="method" name="_parse_options" visibility="protected" complexity="1" crap="2" count="0"/>
        <line num="1510" type="stmt" count="0"/>
        <line num="1513" type="stmt" count="0"/>
        <line num="1514" type="stmt" count="0"/>
        <line num="1522" type="method" name="_parse_patch" visibility="protected" complexity="3" crap="12" count="0"/>
        <line num="1525" type="stmt" count="0"/>
        <line num="1527" type="stmt" count="0"/>
        <line num="1529" type="stmt" count="0"/>
        <line num="1532" type="stmt" count="0"/>
        <line num="1534" type="stmt" count="0"/>
        <line num="1542" type="method" name="_parse_delete" visibility="protected" complexity="2" crap="6" count="0"/>
        <line num="1545" type="stmt" count="0"/>
        <line num="1547" type="stmt" count="0"/>
        <line num="1549" type="stmt" count="0"/>
        <line num="1557" type="method" name="_parse_query" visibility="protected" complexity="1" crap="1" count="3"/>
        <line num="1559" type="stmt" count="3"/>
        <line num="1560" type="stmt" count="3"/>
        <line num="1573" type="method" name="get" visibility="public" complexity="3" crap="3.33" count="3"/>
        <line num="1575" type="stmt" count="3"/>
        <line num="1577" type="stmt" count="0"/>
        <line num="1580" type="stmt" count="3"/>
        <line num="1592" type="method" name="options" visibility="public" complexity="3" crap="12" count="0"/>
        <line num="1594" type="stmt" count="0"/>
        <line num="1596" type="stmt" count="0"/>
        <line num="1599" type="stmt" count="0"/>
        <line num="1611" type="method" name="head" visibility="public" complexity="3" crap="12" count="0"/>
        <line num="1613" type="stmt" count="0"/>
        <line num="1615" type="stmt" count="0"/>
        <line num="1618" type="stmt" count="0"/>
        <line num="1630" type="method" name="post" visibility="public" complexity="3" crap="12" count="0"/>
        <line num="1632" type="stmt" count="0"/>
        <line num="1634" type="stmt" count="0"/>
        <line num="1637" type="stmt" count="0"/>
        <line num="1649" type="method" name="put" visibility="public" complexity="3" crap="12" count="0"/>
        <line num="1651" type="stmt" count="0"/>
        <line num="1653" type="stmt" count="0"/>
        <line num="1656" type="stmt" count="0"/>
        <line num="1668" type="method" name="delete" visibility="public" complexity="3" crap="12" count="0"/>
        <line num="1670" type="stmt" count="0"/>
        <line num="1672" type="stmt" count="0"/>
        <line num="1675" type="stmt" count="0"/>
        <line num="1687" type="method" name="patch" visibility="public" complexity="3" crap="12" count="0"/>
        <line num="1689" type="stmt" count="0"/>
        <line num="1691" type="stmt" count="0"/>
        <line num="1694" type="stmt" count="0"/>
        <line num="1706" type="method" name="query" visibility="public" complexity="3" crap="12" count="0"/>
        <line num="1708" type="stmt" count="0"/>
        <line num="1710" type="stmt" count="0"/>
        <line num="1713" type="stmt" count="0"/>
        <line num="1725" type="method" name="_xss_clean" visibility="protected" complexity="3" crap="3" count="2"/>
        <line num="1727" type="stmt" count="2"/>
        <line num="1729" type="stmt" count="2"/>
        <line num="1738" type="method" name="validation_errors" visibility="public" complexity="1" crap="2" count="0"/>
        <line num="1740" type="stmt" count="0"/>
        <line num="1742" type="stmt" count="0"/>
        <line num="1755" type="method" name="_perform_ldap_auth" visibility="protected" complexity="10" crap="110" count="0"/>
        <line num="1757" type="stmt" count="0"/>
        <line num="1759" type="stmt" count="0"/>
        <line num="1760" type="stmt" count="0"/>
        <line num="1763" type="stmt" count="0"/>
        <line num="1765" type="stmt" count="0"/>
        <line num="1768" type="stmt" count="0"/>
        <line num="1769" type="stmt" count="0"/>
        <line num="1770" type="stmt" count="0"/>
        <line num="1771" type="stmt" count="0"/>
        <line num="1772" type="stmt" count="0"/>
        <line num="1773" type="stmt" count="0"/>
        <line num="1776" type="stmt" count="0"/>
        <line num="1779" type="stmt" count="0"/>
        <line num="1780" type="stmt" count="0"/>
        <line num="1782" type="stmt" count="0"/>
        <line num="1784" type="stmt" count="0"/>
        <line num="1786" type="stmt" count="0"/>
        <line num="1789" type="stmt" count="0"/>
        <line num="1792" type="stmt" count="0"/>
        <line num="1794" type="stmt" count="0"/>
        <line num="1795" type="stmt" count="0"/>
        <line num="1798" type="stmt" count="0"/>
        <line num="1802" type="stmt" count="0"/>
        <line num="1804" type="stmt" count="0"/>
        <line num="1805" type="stmt" count="0"/>
        <line num="1808" type="stmt" count="0"/>
        <line num="1810" type="stmt" count="0"/>
        <line num="1811" type="stmt" count="0"/>
        <line num="1814" type="stmt" count="0"/>
        <line num="1816" type="stmt" count="0"/>
        <line num="1817" type="stmt" count="0"/>
        <line num="1820" type="stmt" count="0"/>
        <line num="1822" type="stmt" count="0"/>
        <line num="1823" type="stmt" count="0"/>
        <line num="1827" type="stmt" count="0"/>
        <line num="1829" type="stmt" count="0"/>
        <line num="1830" type="stmt" count="0"/>
        <line num="1833" type="stmt" count="0"/>
        <line num="1835" type="stmt" count="0"/>
        <line num="1837" type="stmt" count="0"/>
        <line num="1839" type="stmt" count="0"/>
        <line num="1850" type="method" name="_perform_library_auth" visibility="protected" complexity="5" crap="30" count="0"/>
        <line num="1852" type="stmt" count="0"/>
        <line num="1854" type="stmt" count="0"/>
        <line num="1855" type="stmt" count="0"/>
        <line num="1858" type="stmt" count="0"/>
        <line num="1859" type="stmt" count="0"/>
        <line num="1861" type="stmt" count="0"/>
        <line num="1863" type="stmt" count="0"/>
        <line num="1864" type="stmt" count="0"/>
        <line num="1867" type="stmt" count="0"/>
        <line num="1869" type="stmt" count="0"/>
        <line num="1870" type="stmt" count="0"/>
        <line num="1873" type="stmt" count="0"/>
        <line num="1875" type="stmt" count="0"/>
        <line num="1878" type="stmt" count="0"/>
        <line num="1889" type="method" name="_check_login" visibility="protected" complexity="10" crap="110" count="0"/>
        <line num="1891" type="stmt" count="0"/>
        <line num="1893" type="stmt" count="0"/>
        <line num="1896" type="stmt" count="0"/>
        <line num="1897" type="stmt" count="0"/>
        <line num="1898" type="stmt" count="0"/>
        <line num="1900" type="stmt" count="0"/>
        <line num="1903" type="stmt" count="0"/>
        <line num="1906" type="stmt" count="0"/>
        <line num="1908" type="stmt" count="0"/>
        <line num="1911" type="stmt" count="0"/>
        <line num="1913" type="stmt" count="0"/>
        <line num="1915" type="stmt" count="0"/>
        <line num="1918" type="stmt" count="0"/>
        <line num="1920" type="stmt" count="0"/>
        <line num="1922" type="stmt" count="0"/>
        <line num="1925" type="stmt" count="0"/>
        <line num="1927" type="stmt" count="0"/>
        <line num="1930" type="stmt" count="0"/>
        <line num="1932" type="stmt" count="0"/>
        <line num="1935" type="stmt" count="0"/>
        <line num="1944" type="method" name="_check_php_session" visibility="protected" complexity="2" crap="6" count="0"/>
        <line num="1947" type="stmt" count="0"/>
        <line num="1950" type="stmt" count="0"/>
        <line num="1953" type="stmt" count="0"/>
        <line num="1954" type="stmt" count="0"/>
        <line num="1955" type="stmt" count="0"/>
        <line num="1956" type="stmt" count="0"/>
        <line num="1958" type="stmt" count="0"/>
        <line num="1966" type="method" name="_prepare_basic_auth" visibility="protected" complexity="6" crap="42" count="0"/>
        <line num="1969" type="stmt" count="0"/>
        <line num="1971" type="stmt" count="0"/>
        <line num="1975" type="stmt" count="0"/>
        <line num="1976" type="stmt" count="0"/>
        <line num="1978" type="stmt" count="0"/>
        <line num="1979" type="stmt" count="0"/>
        <line num="1981" type="stmt" count="0"/>
        <line num="1983" type="stmt" count="0"/>
        <line num="1987" type="stmt" count="0"/>
        <line num="1990" type="stmt" count="0"/>
        <line num="1995" type="stmt" count="0"/>
        <line num="1997" type="stmt" count="0"/>
        <line num="1999" type="stmt" count="0"/>
        <line num="2007" type="method" name="_prepare_digest_auth" visibility="protected" complexity="9" crap="90" count="0"/>
        <line num="2010" type="stmt" count="0"/>
        <line num="2012" type="stmt" count="0"/>
        <line num="2017" type="stmt" count="0"/>
        <line num="2018" type="stmt" count="0"/>
        <line num="2020" type="stmt" count="0"/>
        <line num="2023" type="stmt" count="0"/>
        <line num="2027" type="stmt" count="0"/>
        <line num="2029" type="stmt" count="0"/>
        <line num="2033" type="stmt" count="0"/>
        <line num="2034" type="stmt" count="0"/>
        <line num="2035" type="stmt" count="0"/>
        <line num="2038" type="stmt" count="0"/>
        <line num="2039" type="stmt" count="0"/>
        <line num="2041" type="stmt" count="0"/>
        <line num="2044" type="stmt" count="0"/>
        <line num="2045" type="stmt" count="0"/>
        <line num="2048" type="stmt" count="0"/>
        <line num="2051" type="stmt" count="0"/>
        <line num="2052" type="stmt" count="0"/>
        <line num="2053" type="stmt" count="0"/>
        <line num="2054" type="stmt" count="0"/>
        <line num="2056" type="stmt" count="0"/>
        <line num="2064" type="method" name="_check_blacklist_auth" visibility="protected" complexity="2" crap="6" count="0"/>
        <line num="2067" type="stmt" count="0"/>
        <line num="2070" type="stmt" count="0"/>
        <line num="2073" type="stmt" count="0"/>
        <line num="2074" type="stmt" count="0"/>
        <line num="2075" type="stmt" count="0"/>
        <line num="2076" type="stmt" count="0"/>
        <line num="2078" type="stmt" count="0"/>
        <line num="2086" type="method" name="_check_whitelist_auth" visibility="protected" complexity="3" crap="12" count="0"/>
        <line num="2088" type="stmt" count="0"/>
        <line num="2090" type="stmt" count="0"/>
        <line num="2092" type="stmt" count="0"/>
        <line num="2096" type="stmt" count="0"/>
        <line num="2099" type="stmt" count="0"/>
        <line num="2101" type="stmt" count="0"/>
        <line num="2102" type="stmt" count="0"/>
        <line num="2103" type="stmt" count="0"/>
        <line num="2104" type="stmt" count="0"/>
        <line num="2106" type="stmt" count="0"/>
        <line num="2116" type="method" name="_force_login" visibility="protected" complexity="3" crap="12" count="0"/>
        <line num="2118" type="stmt" count="0"/>
        <line num="2119" type="stmt" count="0"/>
        <line num="2120" type="stmt" count="0"/>
        <line num="2123" type="stmt" count="0"/>
        <line num="2125" type="stmt" count="0"/>
        <line num="2128" type="stmt" count="0"/>
        <line num="2129" type="stmt" count="0"/>
        <line num="2130" type="stmt" count="0"/>
        <line num="2131" type="stmt" count="0"/>
        <line num="2135" type="stmt" count="0"/>
        <line num="2136" type="stmt" count="0"/>
        <line num="2137" type="stmt" count="0"/>
        <line num="2138" type="stmt" count="0"/>
        <line num="2139" type="stmt" count="0"/>
        <line num="2148" type="method" name="_log_access_time" visibility="protected" complexity="1" crap="2" count="0"/>
        <line num="2150" type="stmt" count="0"/>
        <line num="2152" type="stmt" count="0"/>
        <line num="2153" type="stmt" count="0"/>
        <line num="2154" type="stmt" count="0"/>
        <line num="2166" type="method" name="_log_response_code" visibility="protected" complexity="1" crap="2" count="0"/>
        <line num="2168" type="stmt" count="0"/>
        <line num="2170" type="stmt" count="0"/>
        <line num="2171" type="stmt" count="0"/>
        <line num="2172" type="stmt" count="0"/>
        <line num="2182" type="method" name="_check_access" visibility="protected" complexity="4" crap="20" count="0"/>
        <line num="2185" type="stmt" count="0"/>
        <line num="2187" type="stmt" count="0"/>
        <line num="2191" type="stmt" count="0"/>
        <line num="2192" type="stmt" count="0"/>
        <line num="2193" type="stmt" count="0"/>
        <line num="2195" type="stmt" count="0"/>
        <line num="2197" type="stmt" count="0"/>
        <line num="2201" type="stmt" count="0"/>
        <line num="2202" type="stmt" count="0"/>
        <line num="2203" type="stmt" count="0"/>
        <line num="2204" type="stmt" count="0"/>
        <line num="2208" type="stmt" count="0"/>
        <line num="2211" type="stmt" count="0"/>
        <line num="2212" type="stmt" count="0"/>
        <line num="2213" type="stmt" count="0"/>
        <line num="2214" type="stmt" count="0"/>
        <line num="2215" type="stmt" count="0"/>
        <line num="2224" type="method" name="_check_cors" visibility="protected" complexity="5" crap="30" count="0"/>
        <line num="2227" type="stmt" count="0"/>
        <line num="2228" type="stmt" count="0"/>
        <line num="2231" type="stmt" count="0"/>
        <line num="2233" type="stmt" count="0"/>
        <line num="2234" type="stmt" count="0"/>
        <line num="2235" type="stmt" count="0"/>
        <line num="2241" type="stmt" count="0"/>
        <line num="2242" type="stmt" count="0"/>
        <line num="2244" type="stmt" count="0"/>
        <line num="2248" type="stmt" count="0"/>
        <line num="2250" type="stmt" count="0"/>
        <line num="2251" type="stmt" count="0"/>
        <line num="2252" type="stmt" count="0"/>
        <line num="2257" type="stmt" count="0"/>
        <line num="2259" type="stmt" count="0"/>
        <line num="2261" type="stmt" count="0"/>
        <metrics loc="2262" ncloc="1254" classes="1" methods="47" coveredmethods="7" conditionals="0" coveredconditionals="0" statements="623" coveredstatements="135" elements="670" coveredelements="142"/>
      </file>
    </package>
    <file name="/www/kp/api-chatbot/application/views/errors/cli/error_404.php">
      <line num="2" type="stmt" count="0"/>
      <line num="4" type="stmt" count="0"/>
      <line num="5" type="stmt" count="0"/>
      <line num="6" type="stmt" count="0"/>
      <line num="7" type="stmt" count="0"/>
      <line num="8" type="stmt" count="0"/>
      <metrics loc="7" ncloc="7" classes="0" methods="0" coveredmethods="0" conditionals="0" coveredconditionals="0" statements="5" coveredstatements="0" elements="5" coveredelements="0"/>
    </file>
    <file name="/www/kp/api-chatbot/application/views/errors/cli/error_db.php">
      <line num="2" type="stmt" count="0"/>
      <line num="4" type="stmt" count="0"/>
      <line num="5" type="stmt" count="0"/>
      <line num="6" type="stmt" count="0"/>
      <line num="7" type="stmt" count="0"/>
      <line num="8" type="stmt" count="0"/>
      <metrics loc="7" ncloc="7" classes="0" methods="0" coveredmethods="0" conditionals="0" coveredconditionals="0" statements="5" coveredstatements="0" elements="5" coveredelements="0"/>
    </file>
    <file name="/www/kp/api-chatbot/application/views/errors/cli/error_exception.php">
      <line num="3" type="stmt" count="0"/>
      <line num="12" type="stmt" count="0"/>
      <metrics loc="21" ncloc="21" classes="0" methods="0" coveredmethods="0" conditionals="0" coveredconditionals="0" statements="2" coveredstatements="0" elements="2" coveredelements="0"/>
    </file>
    <file name="/www/kp/api-chatbot/application/views/errors/cli/error_general.php">
      <line num="2" type="stmt" count="0"/>
      <line num="4" type="stmt" count="0"/>
      <line num="5" type="stmt" count="0"/>
      <line num="6" type="stmt" count="0"/>
      <line num="7" type="stmt" count="0"/>
      <line num="8" type="stmt" count="0"/>
      <metrics loc="7" ncloc="7" classes="0" methods="0" coveredmethods="0" conditionals="0" coveredconditionals="0" statements="5" coveredstatements="0" elements="5" coveredelements="0"/>
    </file>
    <file name="/www/kp/api-chatbot/application/views/errors/cli/error_php.php">
      <line num="3" type="stmt" count="0"/>
      <line num="12" type="stmt" count="0"/>
      <metrics loc="21" ncloc="21" classes="0" methods="0" coveredmethods="0" conditionals="0" coveredconditionals="0" statements="2" coveredstatements="0" elements="2" coveredelements="0"/>
    </file>
    <file name="/www/kp/api-chatbot/application/views/errors/html/error_404.php">
      <line num="2" type="stmt" count="0"/>
      <line num="4" type="stmt" count="0"/>
      <line num="5" type="stmt" count="0"/>
      <line num="6" type="stmt" count="0"/>
      <line num="7" type="stmt" count="0"/>
      <line num="8" type="stmt" count="0"/>
      <line num="10" type="stmt" count="0"/>
      <line num="11" type="stmt" count="0"/>
      <line num="13" type="stmt" count="0"/>
      <line num="14" type="stmt" count="0"/>
      <line num="15" type="stmt" count="0"/>
      <line num="16" type="stmt" count="0"/>
      <line num="17" type="stmt" count="0"/>
      <line num="18" type="stmt" count="0"/>
      <line num="20" type="stmt" count="0"/>
      <line num="21" type="stmt" count="0"/>
      <line num="22" type="stmt" count="0"/>
      <line num="23" type="stmt" count="0"/>
      <line num="24" type="stmt" count="0"/>
      <line num="26" type="stmt" count="0"/>
      <line num="27" type="stmt" count="0"/>
      <line num="28" type="stmt" count="0"/>
      <line num="29" type="stmt" count="0"/>
      <line num="30" type="stmt" count="0"/>
      <line num="31" type="stmt" count="0"/>
      <line num="32" type="stmt" count="0"/>
      <line num="33" type="stmt" count="0"/>
      <line num="34" type="stmt" count="0"/>
      <line num="36" type="stmt" count="0"/>
      <line num="37" type="stmt" count="0"/>
      <line num="38" type="stmt" count="0"/>
      <line num="39" type="stmt" count="0"/>
      <line num="40" type="stmt" count="0"/>
      <line num="41" type="stmt" count="0"/>
      <line num="42" type="stmt" count="0"/>
      <line num="43" type="stmt" count="0"/>
      <line num="44" type="stmt" count="0"/>
      <line num="45" type="stmt" count="0"/>
      <line num="47" type="stmt" count="0"/>
      <line num="48" type="stmt" count="0"/>
      <line num="49" type="stmt" count="0"/>
      <line num="50" type="stmt" count="0"/>
      <line num="51" type="stmt" count="0"/>
      <line num="53" type="stmt" count="0"/>
      <line num="54" type="stmt" count="0"/>
      <line num="55" type="stmt" count="0"/>
      <line num="56" type="stmt" count="0"/>
      <line num="57" type="stmt" count="0"/>
      <line num="58" type="stmt" count="0"/>
      <line num="59" type="stmt" count="0"/>
      <line num="62" type="stmt" count="0"/>
      <line num="63" type="stmt" count="0"/>
      <line num="64" type="stmt" count="0"/>
      <metrics loc="63" ncloc="63" classes="0" methods="0" coveredmethods="0" conditionals="0" coveredconditionals="0" statements="52" coveredstatements="0" elements="52" coveredelements="0"/>
    </file>
    <file name="/www/kp/api-chatbot/application/views/errors/html/error_db.php">
      <line num="2" type="stmt" count="0"/>
      <line num="4" type="stmt" count="0"/>
      <line num="5" type="stmt" count="0"/>
      <line num="6" type="stmt" count="0"/>
      <line num="7" type="stmt" count="0"/>
      <line num="8" type="stmt" count="0"/>
      <line num="10" type="stmt" count="0"/>
      <line num="11" type="stmt" count="0"/>
      <line num="13" type="stmt" count="0"/>
      <line num="14" type="stmt" count="0"/>
      <line num="15" type="stmt" count="0"/>
      <line num="16" type="stmt" count="0"/>
      <line num="17" type="stmt" count="0"/>
      <line num="18" type="stmt" count="0"/>
      <line num="20" type="stmt" count="0"/>
      <line num="21" type="stmt" count="0"/>
      <line num="22" type="stmt" count="0"/>
      <line num="23" type="stmt" count="0"/>
      <line num="24" type="stmt" count="0"/>
      <line num="26" type="stmt" count="0"/>
      <line num="27" type="stmt" count="0"/>
      <line num="28" type="stmt" count="0"/>
      <line num="29" type="stmt" count="0"/>
      <line num="30" type="stmt" count="0"/>
      <line num="31" type="stmt" count="0"/>
      <line num="32" type="stmt" count="0"/>
      <line num="33" type="stmt" count="0"/>
      <line num="34" type="stmt" count="0"/>
      <line num="36" type="stmt" count="0"/>
      <line num="37" type="stmt" count="0"/>
      <line num="38" type="stmt" count="0"/>
      <line num="39" type="stmt" count="0"/>
      <line num="40" type="stmt" count="0"/>
      <line num="41" type="stmt" count="0"/>
      <line num="42" type="stmt" count="0"/>
      <line num="43" type="stmt" count="0"/>
      <line num="44" type="stmt" count="0"/>
      <line num="45" type="stmt" count="0"/>
      <line num="47" type="stmt" count="0"/>
      <line num="48" type="stmt" count="0"/>
      <line num="49" type="stmt" count="0"/>
      <line num="50" type="stmt" count="0"/>
      <line num="51" type="stmt" count="0"/>
      <line num="53" type="stmt" count="0"/>
      <line num="54" type="stmt" count="0"/>
      <line num="55" type="stmt" count="0"/>
      <line num="56" type="stmt" count="0"/>
      <line num="57" type="stmt" count="0"/>
      <line num="58" type="stmt" count="0"/>
      <line num="59" type="stmt" count="0"/>
      <line num="62" type="stmt" count="0"/>
      <line num="63" type="stmt" count="0"/>
      <line num="64" type="stmt" count="0"/>
      <metrics loc="63" ncloc="63" classes="0" methods="0" coveredmethods="0" conditionals="0" coveredconditionals="0" statements="52" coveredstatements="0" elements="52" coveredelements="0"/>
    </file>
    <file name="/www/kp/api-chatbot/application/views/errors/html/error_exception.php">
      <line num="2" type="stmt" count="0"/>
      <line num="5" type="stmt" count="0"/>
      <line num="7" type="stmt" count="0"/>
      <line num="16" type="stmt" count="0"/>
      <line num="21" type="stmt" count="0"/>
      <line num="25" type="stmt" count="0"/>
      <line num="32" type="stmt" count="0"/>
      <metrics loc="31" ncloc="31" classes="0" methods="0" coveredmethods="0" conditionals="0" coveredconditionals="0" statements="6" coveredstatements="0" elements="6" coveredelements="0"/>
    </file>
    <file name="/www/kp/api-chatbot/application/views/errors/html/error_general.php">
      <line num="2" type="stmt" count="0"/>
      <line num="4" type="stmt" count="0"/>
      <line num="5" type="stmt" count="0"/>
      <line num="6" type="stmt" count="0"/>
      <line num="7" type="stmt" count="0"/>
      <line num="8" type="stmt" count="0"/>
      <line num="10" type="stmt" count="0"/>
      <line num="11" type="stmt" count="0"/>
      <line num="13" type="stmt" count="0"/>
      <line num="14" type="stmt" count="0"/>
      <line num="15" type="stmt" count="0"/>
      <line num="16" type="stmt" count="0"/>
      <line num="17" type="stmt" count="0"/>
      <line num="18" type="stmt" count="0"/>
      <line num="20" type="stmt" count="0"/>
      <line num="21" type="stmt" count="0"/>
      <line num="22" type="stmt" count="0"/>
      <line num="23" type="stmt" count="0"/>
      <line num="24" type="stmt" count="0"/>
      <line num="26" type="stmt" count="0"/>
      <line num="27" type="stmt" count="0"/>
      <line num="28" type="stmt" count="0"/>
      <line num="29" type="stmt" count="0"/>
      <line num="30" type="stmt" count="0"/>
      <line num="31" type="stmt" count="0"/>
      <line num="32" type="stmt" count="0"/>
      <line num="33" type="stmt" count="0"/>
      <line num="34" type="stmt" count="0"/>
      <line num="36" type="stmt" count="0"/>
      <line num="37" type="stmt" count="0"/>
      <line num="38" type="stmt" count="0"/>
      <line num="39" type="stmt" count="0"/>
      <line num="40" type="stmt" count="0"/>
      <line num="41" type="stmt" count="0"/>
      <line num="42" type="stmt" count="0"/>
      <line num="43" type="stmt" count="0"/>
      <line num="44" type="stmt" count="0"/>
      <line num="45" type="stmt" count="0"/>
      <line num="47" type="stmt" count="0"/>
      <line num="48" type="stmt" count="0"/>
      <line num="49" type="stmt" count="0"/>
      <line num="50" type="stmt" count="0"/>
      <line num="51" type="stmt" count="0"/>
      <line num="53" type="stmt" count="0"/>
      <line num="54" type="stmt" count="0"/>
      <line num="55" type="stmt" count="0"/>
      <line num="56" type="stmt" count="0"/>
      <line num="57" type="stmt" count="0"/>
      <line num="58" type="stmt" count="0"/>
      <line num="59" type="stmt" count="0"/>
      <line num="62" type="stmt" count="0"/>
      <line num="63" type="stmt" count="0"/>
      <line num="64" type="stmt" count="0"/>
      <metrics loc="63" ncloc="63" classes="0" methods="0" coveredmethods="0" conditionals="0" coveredconditionals="0" statements="52" coveredstatements="0" elements="52" coveredelements="0"/>
    </file>
    <file name="/www/kp/api-chatbot/application/views/errors/html/error_php.php">
      <line num="2" type="stmt" count="0"/>
      <line num="5" type="stmt" count="0"/>
      <line num="7" type="stmt" count="0"/>
      <line num="16" type="stmt" count="0"/>
      <line num="21" type="stmt" count="0"/>
      <line num="25" type="stmt" count="0"/>
      <line num="33" type="stmt" count="0"/>
      <metrics loc="32" ncloc="32" classes="0" methods="0" coveredmethods="0" conditionals="0" coveredconditionals="0" statements="6" coveredstatements="0" elements="6" coveredelements="0"/>
    </file>
    <file name="/www/kp/api-chatbot/application/views/rest_server.php">
      <line num="2" type="stmt" count="0"/>
      <line num="5" type="stmt" count="0"/>
      <line num="6" type="stmt" count="0"/>
      <line num="7" type="stmt" count="0"/>
      <line num="8" type="stmt" count="0"/>
      <line num="9" type="stmt" count="0"/>
      <line num="11" type="stmt" count="0"/>
      <line num="13" type="stmt" count="0"/>
      <line num="14" type="stmt" count="0"/>
      <line num="16" type="stmt" count="0"/>
      <line num="17" type="stmt" count="0"/>
      <line num="18" type="stmt" count="0"/>
      <line num="19" type="stmt" count="0"/>
      <line num="20" type="stmt" count="0"/>
      <line num="21" type="stmt" count="0"/>
      <line num="22" type="stmt" count="0"/>
      <line num="24" type="stmt" count="0"/>
      <line num="25" type="stmt" count="0"/>
      <line num="26" type="stmt" count="0"/>
      <line num="27" type="stmt" count="0"/>
      <line num="28" type="stmt" count="0"/>
      <line num="30" type="stmt" count="0"/>
      <line num="31" type="stmt" count="0"/>
      <line num="32" type="stmt" count="0"/>
      <line num="33" type="stmt" count="0"/>
      <line num="34" type="stmt" count="0"/>
      <line num="35" type="stmt" count="0"/>
      <line num="36" type="stmt" count="0"/>
      <line num="37" type="stmt" count="0"/>
      <line num="38" type="stmt" count="0"/>
      <line num="40" type="stmt" count="0"/>
      <line num="41" type="stmt" count="0"/>
      <line num="42" type="stmt" count="0"/>
      <line num="43" type="stmt" count="0"/>
      <line num="44" type="stmt" count="0"/>
      <line num="45" type="stmt" count="0"/>
      <line num="46" type="stmt" count="0"/>
      <line num="47" type="stmt" count="0"/>
      <line num="48" type="stmt" count="0"/>
      <line num="49" type="stmt" count="0"/>
      <line num="51" type="stmt" count="0"/>
      <line num="52" type="stmt" count="0"/>
      <line num="53" type="stmt" count="0"/>
      <line num="55" type="stmt" count="0"/>
      <line num="56" type="stmt" count="0"/>
      <line num="57" type="stmt" count="0"/>
      <line num="58" type="stmt" count="0"/>
      <line num="59" type="stmt" count="0"/>
      <line num="60" type="stmt" count="0"/>
      <line num="61" type="stmt" count="0"/>
      <line num="62" type="stmt" count="0"/>
      <line num="64" type="stmt" count="0"/>
      <line num="65" type="stmt" count="0"/>
      <line num="66" type="stmt" count="0"/>
      <line num="67" type="stmt" count="0"/>
      <line num="68" type="stmt" count="0"/>
      <line num="69" type="stmt" count="0"/>
      <line num="70" type="stmt" count="0"/>
      <line num="71" type="stmt" count="0"/>
      <line num="73" type="stmt" count="0"/>
      <line num="74" type="stmt" count="0"/>
      <line num="76" type="stmt" count="0"/>
      <line num="80" type="stmt" count="0"/>
      <line num="81" type="stmt" count="0"/>
      <line num="82" type="stmt" count="0"/>
      <line num="83" type="stmt" count="0"/>
      <line num="84" type="stmt" count="0"/>
      <line num="85" type="stmt" count="0"/>
      <line num="87" type="stmt" count="0"/>
      <line num="88" type="stmt" count="0"/>
      <line num="89" type="stmt" count="0"/>
      <line num="90" type="stmt" count="0"/>
      <line num="91" type="stmt" count="0"/>
      <line num="92" type="stmt" count="0"/>
      <line num="94" type="stmt" count="0"/>
      <line num="95" type="stmt" count="0"/>
      <line num="96" type="stmt" count="0"/>
      <line num="98" type="stmt" count="0"/>
      <line num="111" type="stmt" count="0"/>
      <line num="113" type="stmt" count="0"/>
      <line num="116" type="stmt" count="0"/>
      <line num="118" type="stmt" count="0"/>
      <line num="120" type="stmt" count="0"/>
      <line num="121" type="stmt" count="0"/>
      <line num="122" type="stmt" count="0"/>
      <line num="124" type="stmt" count="0"/>
      <line num="125" type="stmt" count="0"/>
      <line num="126" type="stmt" count="0"/>
      <line num="127" type="stmt" count="0"/>
      <line num="128" type="stmt" count="0"/>
      <line num="130" type="stmt" count="0"/>
      <line num="131" type="stmt" count="0"/>
      <line num="133" type="stmt" count="0"/>
      <line num="134" type="stmt" count="0"/>
      <line num="136" type="stmt" count="0"/>
      <line num="138" type="stmt" count="0"/>
      <line num="139" type="stmt" count="0"/>
      <line num="140" type="stmt" count="0"/>
      <line num="141" type="stmt" count="0"/>
      <line num="142" type="stmt" count="0"/>
      <line num="143" type="stmt" count="0"/>
      <line num="144" type="stmt" count="0"/>
      <line num="145" type="stmt" count="0"/>
      <line num="146" type="stmt" count="0"/>
      <line num="148" type="stmt" count="0"/>
      <line num="149" type="stmt" count="0"/>
      <line num="150" type="stmt" count="0"/>
      <line num="151" type="stmt" count="0"/>
      <line num="152" type="stmt" count="0"/>
      <line num="153" type="stmt" count="0"/>
      <line num="154" type="stmt" count="0"/>
      <line num="155" type="stmt" count="0"/>
      <line num="157" type="stmt" count="0"/>
      <line num="158" type="stmt" count="0"/>
      <line num="159" type="stmt" count="0"/>
      <line num="160" type="stmt" count="0"/>
      <line num="161" type="stmt" count="0"/>
      <line num="162" type="stmt" count="0"/>
      <line num="163" type="stmt" count="0"/>
      <line num="164" type="stmt" count="0"/>
      <line num="165" type="stmt" count="0"/>
      <line num="166" type="stmt" count="0"/>
      <line num="167" type="stmt" count="0"/>
      <line num="168" type="stmt" count="0"/>
      <line num="169" type="stmt" count="0"/>
      <line num="170" type="stmt" count="0"/>
      <line num="172" type="stmt" count="0"/>
      <line num="173" type="stmt" count="0"/>
      <line num="174" type="stmt" count="0"/>
      <line num="175" type="stmt" count="0"/>
      <line num="176" type="stmt" count="0"/>
      <line num="177" type="stmt" count="0"/>
      <line num="178" type="stmt" count="0"/>
      <line num="179" type="stmt" count="0"/>
      <line num="180" type="stmt" count="0"/>
      <line num="182" type="stmt" count="0"/>
      <line num="183" type="stmt" count="0"/>
      <line num="184" type="stmt" count="0"/>
      <line num="185" type="stmt" count="0"/>
      <line num="187" type="stmt" count="0"/>
      <line num="188" type="stmt" count="0"/>
      <line num="189" type="stmt" count="0"/>
      <line num="190" type="stmt" count="0"/>
      <line num="191" type="stmt" count="0"/>
      <line num="192" type="stmt" count="0"/>
      <line num="193" type="stmt" count="0"/>
      <line num="194" type="stmt" count="0"/>
      <line num="196" type="stmt" count="0"/>
      <line num="197" type="stmt" count="0"/>
      <line num="198" type="stmt" count="0"/>
      <line num="199" type="stmt" count="0"/>
      <line num="200" type="stmt" count="0"/>
      <line num="201" type="stmt" count="0"/>
      <line num="202" type="stmt" count="0"/>
      <line num="203" type="stmt" count="0"/>
      <line num="204" type="stmt" count="0"/>
      <line num="205" type="stmt" count="0"/>
      <line num="207" type="stmt" count="0"/>
      <line num="208" type="stmt" count="0"/>
      <line num="209" type="stmt" count="0"/>
      <line num="210" type="stmt" count="0"/>
      <line num="211" type="stmt" count="0"/>
      <line num="212" type="stmt" count="0"/>
      <line num="214" type="stmt" count="0"/>
      <line num="215" type="stmt" count="0"/>
      <line num="216" type="stmt" count="0"/>
      <line num="217" type="stmt" count="0"/>
      <line num="218" type="stmt" count="0"/>
      <line num="219" type="stmt" count="0"/>
      <line num="221" type="stmt" count="0"/>
      <line num="222" type="stmt" count="0"/>
      <metrics loc="222" ncloc="222" classes="0" methods="0" coveredmethods="0" conditionals="0" coveredconditionals="0" statements="171" coveredstatements="0" elements="171" coveredelements="0"/>
    </file>
    <file name="/www/kp/api-chatbot/application/views/welcome_message.php">
      <line num="2" type="stmt" count="0"/>
      <line num="4" type="stmt" count="0"/>
      <line num="5" type="stmt" count="0"/>
      <line num="6" type="stmt" count="0"/>
      <line num="7" type="stmt" count="0"/>
      <line num="9" type="stmt" count="0"/>
      <line num="11" type="stmt" count="0"/>
      <line num="12" type="stmt" count="0"/>
      <line num="14" type="stmt" count="0"/>
      <line num="15" type="stmt" count="0"/>
      <line num="16" type="stmt" count="0"/>
      <line num="17" type="stmt" count="0"/>
      <line num="18" type="stmt" count="0"/>
      <line num="19" type="stmt" count="0"/>
      <line num="21" type="stmt" count="0"/>
      <line num="22" type="stmt" count="0"/>
      <line num="23" type="stmt" count="0"/>
      <line num="24" type="stmt" count="0"/>
      <line num="25" type="stmt" count="0"/>
      <line num="27" type="stmt" count="0"/>
      <line num="28" type="stmt" count="0"/>
      <line num="29" type="stmt" count="0"/>
      <line num="30" type="stmt" count="0"/>
      <line num="31" type="stmt" count="0"/>
      <line num="32" type="stmt" count="0"/>
      <line num="33" type="stmt" count="0"/>
      <line num="34" type="stmt" count="0"/>
      <line num="35" type="stmt" count="0"/>
      <line num="37" type="stmt" count="0"/>
      <line num="38" type="stmt" count="0"/>
      <line num="39" type="stmt" count="0"/>
      <line num="40" type="stmt" count="0"/>
      <line num="41" type="stmt" count="0"/>
      <line num="42" type="stmt" count="0"/>
      <line num="43" type="stmt" count="0"/>
      <line num="44" type="stmt" count="0"/>
      <line num="45" type="stmt" count="0"/>
      <line num="46" type="stmt" count="0"/>
      <line num="48" type="stmt" count="0"/>
      <line num="49" type="stmt" count="0"/>
      <line num="50" type="stmt" count="0"/>
      <line num="52" type="stmt" count="0"/>
      <line num="53" type="stmt" count="0"/>
      <line num="54" type="stmt" count="0"/>
      <line num="55" type="stmt" count="0"/>
      <line num="56" type="stmt" count="0"/>
      <line num="57" type="stmt" count="0"/>
      <line num="58" type="stmt" count="0"/>
      <line num="59" type="stmt" count="0"/>
      <line num="61" type="stmt" count="0"/>
      <line num="62" type="stmt" count="0"/>
      <line num="63" type="stmt" count="0"/>
      <line num="64" type="stmt" count="0"/>
      <line num="65" type="stmt" count="0"/>
      <line num="66" type="stmt" count="0"/>
      <line num="67" type="stmt" count="0"/>
      <line num="68" type="stmt" count="0"/>
      <line num="70" type="stmt" count="0"/>
      <line num="71" type="stmt" count="0"/>
      <line num="73" type="stmt" count="0"/>
      <line num="74" type="stmt" count="0"/>
      <line num="76" type="stmt" count="0"/>
      <line num="77" type="stmt" count="0"/>
      <line num="79" type="stmt" count="0"/>
      <line num="80" type="stmt" count="0"/>
      <line num="82" type="stmt" count="0"/>
      <line num="83" type="stmt" count="0"/>
      <line num="86" type="stmt" count="0"/>
      <line num="88" type="stmt" count="0"/>
      <line num="89" type="stmt" count="0"/>
      <metrics loc="88" ncloc="88" classes="0" methods="0" coveredmethods="0" conditionals="0" coveredconditionals="0" statements="69" coveredstatements="0" elements="69" coveredelements="0"/>
    </file>
    <metrics files="19" loc="3996" ncloc="2469" classes="7" methods="81" coveredmethods="8" conditionals="0" coveredconditionals="0" statements="1482" coveredstatements="146" elements="1563" coveredelements="154"/>
  </project>
</coverage>
